# JRE version: Java(TM) SE Runtime Environment (8.0_05-b13) (build 1.8.0_05-b13)
# Java VM: Java HotSpot(TM) 64-Bit Server VM (25.5-b02 mixed mode windows-amd64 compressed oops)
Heap:
 PSYoungGen      total 10240K, used 5437K [0x00000000eab00000, 0x00000000ebe00000, 0x0000000100000000)
  eden space 7680K, 37% used [0x00000000eab00000,0x00000000eadd1930,0x00000000eb280000)
  from space 2560K, 99% used [0x00000000eb280000,0x00000000eb4fdae0,0x00000000eb500000)
  to   space 3584K, 0% used [0x00000000eba80000,0x00000000eba80000,0x00000000ebe00000)
 ParOldGen       total 186880K, used 3221K [0x00000000c0000000, 0x00000000cb680000, 0x00000000eab00000)
  object space 186880K, 1% used [0x00000000c0000000,0x00000000c03257b0,0x00000000cb680000)
 Metaspace       used 5339K, capacity 6704K, committed 6784K, reserved 1056768K
  class space    used 549K, capacity 616K, committed 640K, reserved 1048576K
GC Heap History (10 events):
Event: 0.591 GC heap before
{Heap before GC invocations=5 (full 0):
 PSYoungGen      total 2560K, used 2560K [0x00000000eab00000, 0x00000000eae00000, 0x0000000100000000)
  eden space 2048K, 100% used [0x00000000eab00000,0x00000000ead00000,0x00000000ead00000)
  from space 512K, 100% used [0x00000000ead80000,0x00000000eae00000,0x00000000eae00000)
  to   space 512K, 0% used [0x00000000ead00000,0x00000000ead00000,0x00000000ead80000)
 ParOldGen       total 186880K, used 704K [0x00000000c0000000, 0x00000000cb680000, 0x00000000eab00000)
  object space 186880K, 0% used [0x00000000c0000000,0x00000000c00b0098,0x00000000cb680000)
 Metaspace       used 4233K, capacity 5744K, committed 6016K, reserved 1056768K
  class space    used 472K, capacity 552K, committed 640K, reserved 1048576K
Event: 0.596 GC heap after
Heap after GC invocations=5 (full 0):
 PSYoungGen      total 2560K, used 480K [0x00000000eab00000, 0x00000000eb200000, 0x0000000100000000)
  eden space 2048K, 0% used [0x00000000eab00000,0x00000000eab00000,0x00000000ead00000)
  from space 512K, 93% used [0x00000000ead00000,0x00000000ead78020,0x00000000ead80000)
  to   space 1536K, 0% used [0x00000000eb080000,0x00000000eb080000,0x00000000eb200000)
 ParOldGen       total 186880K, used 1302K [0x00000000c0000000, 0x00000000cb680000, 0x00000000eab00000)
  object space 186880K, 0% used [0x00000000c0000000,0x00000000c0145a18,0x00000000cb680000)
 Metaspace       used 4233K, capacity 5744K, committed 6016K, reserved 1056768K
  class space    used 472K, capacity 552K, committed 640K, reserved 1048576K
}
Event: 0.770 GC heap before
{Heap before GC invocations=6 (full 0):
 PSYoungGen      total 2560K, used 2525K [0x00000000eab00000, 0x00000000eb200000, 0x0000000100000000)
  eden space 2048K, 99% used [0x00000000eab00000,0x00000000eacff568,0x00000000ead00000)
  from space 512K, 93% used [0x00000000ead00000,0x00000000ead78020,0x00000000ead80000)
  to   space 1536K, 0% used [0x00000000eb080000,0x00000000eb080000,0x00000000eb200000)
 ParOldGen       total 186880K, used 1302K [0x00000000c0000000, 0x00000000cb680000, 0x00000000eab00000)
  object space 186880K, 0% used [0x00000000c0000000,0x00000000c0145a18,0x00000000cb680000)
 Metaspace       used 4806K, capacity 6224K, committed 6528K, reserved 1056768K
  class space    used 534K, capacity 584K, committed 640K, reserved 1048576K
Event: 0.782 GC heap after
Heap after GC invocations=6 (full 0):
 PSYoungGen      total 5632K, used 1344K [0x00000000eab00000, 0x00000000eb200000, 0x0000000100000000)
  eden space 4096K, 0% used [0x00000000eab00000,0x00000000eab00000,0x00000000eaf00000)
  from space 1536K, 87% used [0x00000000eb080000,0x00000000eb1d0018,0x00000000eb200000)
  to   space 1536K, 0% used [0x00000000eaf00000,0x00000000eaf00000,0x00000000eb080000)
 ParOldGen       total 186880K, used 1310K [0x00000000c0000000, 0x00000000cb680000, 0x00000000eab00000)
  object space 186880K, 0% used [0x00000000c0000000,0x00000000c0147a18,0x00000000cb680000)
 Metaspace       used 4806K, capacity 6224K, committed 6528K, reserved 1056768K
  class space    used 534K, capacity 584K, committed 640K, reserved 1048576K
}
Event: 0.963 GC heap before
{Heap before GC invocations=7 (full 0):
 PSYoungGen      total 5632K, used 5440K [0x00000000eab00000, 0x00000000eb200000, 0x0000000100000000)
  eden space 4096K, 100% used [0x00000000eab00000,0x00000000eaf00000,0x00000000eaf00000)
  from space 1536K, 87% used [0x00000000eb080000,0x00000000eb1d0018,0x00000000eb200000)
  to   space 1536K, 0% used [0x00000000eaf00000,0x00000000eaf00000,0x00000000eb080000)
 ParOldGen       total 186880K, used 1310K [0x00000000c0000000, 0x00000000cb680000, 0x00000000eab00000)
  object space 186880K, 0% used [0x00000000c0000000,0x00000000c0147a18,0x00000000cb680000)
 Metaspace       used 5051K, capacity 6448K, committed 6528K, reserved 1056768K
  class space    used 539K, capacity 616K, committed 640K, reserved 1048576K
Event: 1.028 GC heap after
Heap after GC invocations=7 (full 0):
 PSYoungGen      total 5632K, used 1530K [0x00000000eab00000, 0x00000000eb700000, 0x0000000100000000)
  eden space 4096K, 0% used [0x00000000eab00000,0x00000000eab00000,0x00000000eaf00000)
  from space 1536K, 99% used [0x00000000eaf00000,0x00000000eb07e888,0x00000000eb080000)
  to   space 2048K, 0% used [0x00000000eb500000,0x00000000eb500000,0x00000000eb700000)
 ParOldGen       total 186880K, used 1949K [0x00000000c0000000, 0x00000000cb680000, 0x00000000eab00000)
  object space 186880K, 1% used [0x00000000c0000000,0x00000000c01e7798,0x00000000cb680000)
 Metaspace       used 5051K, capacity 6448K, committed 6528K, reserved 1056768K
  class space    used 539K, capacity 616K, committed 640K, reserved 1048576K
}
Event: 1.184 GC heap before
{Heap before GC invocations=8 (full 0):
 PSYoungGen      total 5632K, used 5626K [0x00000000eab00000, 0x00000000eb700000, 0x0000000100000000)
  eden space 4096K, 100% used [0x00000000eab00000,0x00000000eaf00000,0x00000000eaf00000)
  from space 1536K, 99% used [0x00000000eaf00000,0x00000000eb07e888,0x00000000eb080000)
  to   space 2048K, 0% used [0x00000000eb500000,0x00000000eb500000,0x00000000eb700000)
 ParOldGen       total 186880K, used 1949K [0x00000000c0000000, 0x00000000cb680000, 0x00000000eab00000)
  object space 186880K, 1% used [0x00000000c0000000,0x00000000c01e7798,0x00000000cb680000)
 Metaspace       used 5214K, capacity 6640K, committed 6784K, reserved 1056768K
  class space    used 544K, capacity 616K, committed 640K, reserved 1048576K
Event: 1.205 GC heap after
Heap after GC invocations=8 (full 0):
 PSYoungGen      total 9728K, used 1974K [0x00000000eab00000, 0x00000000eb800000, 0x0000000100000000)
  eden space 7680K, 0% used [0x00000000eab00000,0x00000000eab00000,0x00000000eb280000)
  from space 2048K, 96% used [0x00000000eb500000,0x00000000eb6edae0,0x00000000eb700000)
  to   space 2560K, 0% used [0x00000000eb280000,0x00000000eb280000,0x00000000eb500000)
 ParOldGen       total 186880K, used 2301K [0x00000000c0000000, 0x00000000cb680000, 0x00000000eab00000)
  object space 186880K, 1% used [0x00000000c0000000,0x00000000c023f7b0,0x00000000cb680000)
 Metaspace       used 5214K, capacity 6640K, committed 6784K, reserved 1056768K
  class space    used 544K, capacity 616K, committed 640K, reserved 1048576K
}
Event: 1.381 GC heap before
{Heap before GC invocations=9 (full 0):
 PSYoungGen      total 9728K, used 9654K [0x00000000eab00000, 0x00000000eb800000, 0x0000000100000000)
  eden space 7680K, 100% used [0x00000000eab00000,0x00000000eb280000,0x00000000eb280000)
  from space 2048K, 96% used [0x00000000eb500000,0x00000000eb6edae0,0x00000000eb700000)
  to   space 2560K, 0% used [0x00000000eb280000,0x00000000eb280000,0x00000000eb500000)
 ParOldGen       total 186880K, used 2301K [0x00000000c0000000, 0x00000000cb680000, 0x00000000eab00000)
  object space 186880K, 1% used [0x00000000c0000000,0x00000000c023f7b0,0x00000000cb680000)
 Metaspace       used 5331K, capacity 6704K, committed 6784K, reserved 1056768K
  class space    used 548K, capacity 616K, committed 640K, reserved 1048576K
Event: 1.386 GC heap after
Heap after GC invocations=9 (full 0):
 PSYoungGen      total 10240K, used 2550K [0x00000000eab00000, 0x00000000ebe00000, 0x0000000100000000)
  eden space 7680K, 0% used [0x00000000eab00000,0x00000000eab00000,0x00000000eb280000)
  from space 2560K, 99% used [0x00000000eb280000,0x00000000eb4fdae0,0x00000000eb500000)
  to   space 3584K, 0% used [0x00000000eba80000,0x00000000eba80000,0x00000000ebe00000)
 ParOldGen       total 186880K, used 3221K [0x00000000c0000000, 0x00000000cb680000, 0x00000000eab00000)
  object space 186880K, 1% used [0x00000000c0000000,0x00000000c03257b0,0x00000000cb680000)
 Metaspace       used 5331K, capacity 6704K, committed 6784K, reserved 1056768K
  class space    used 548K, capacity 616K, committed 640K, reserved 1048576K
}

